==============================================================================
Tasks :: Extraction of Learning and send email with excel file.               
==============================================================================
Extraction of Learning and send email with excel file.                | FAIL |
InvalidSelectorException: Message: invalid selector: Unable to locate an element with the xpath expression /html/body/div[2]/div[2]/div/div[4]/div[2]/div/div/div[1]/div/div/div/div[3]/div/div/div[2]/div/div/div[2]/div/div/table/tbody[6]/tr[]/td/div/div[3]/div[2]/div/div[1]/span[1]/a because of the following error:
SyntaxError: Failed to execute 'evaluate' on 'Document': The string '/html/body/div[2]/div[2]/div/div[4]/div[2]/div/div/div[1]/div/div/div/div[3]/div/div/div[2]/div/div/div[2]/div/div/table/tbody[6]/tr[]/td/div/div[3]/div[2]/div/div[1]/span[1]/a' is not a valid XPath expression.
  (Session info: chrome=108.0.5359.71)
Stacktrace:
Backtrace:
	(No symbol) [0x0049F243]
	(No symbol) [0x00427FD1]
	(No symbol) [0x0031D04D]
	(No symbol) [0x0031FD34]
	(No symbol) [0x0031FBE5]
	(No symbol) [0x0031FE80]
	(No symbol) [0x0034BD55]
	(No symbol) [0x0034C22B]
	(No symbol) [0x0037E64C]
	(No symbol) [0x003685D4]
	(No symbol) [0x0037C9EB]
	(No symbol) [0x00368386]
	(No symbol) [0x0034163C]
	(No symbol) [0x0034269D]
	GetHandleVerifier [0x00739A22+2655074]
	GetHandleVerifier [0x0072CA24+2601828]
	GetHandleVerifier [0x00548C0A+619850]
	GetHandleVerifier [0x00547830+614768]
	(No symbol) [0x004305FC]
	(No symbol) [0x00435968]
	(No symbol) [0x00435A55]
	(No symbol) [0x0044051B]
	BaseThreadInitThunk [0x762DFA29+25]
	RtlGetAppContainerNamedObjectPath [0x77CE7BBE+286]
	RtlGetAppContainerNamedObjectPath [0x77CE7B8E+238]
------------------------------------------------------------------------------
Tasks :: Extraction of Learning and send email with excel file.       | FAIL |
1 task, 0 passed, 1 failed
==============================================================================
Output:  d:\Robocorp\Infogram_task\output\output.xml
Log:     d:\Robocorp\Infogram_task\output\log.html
